<?xml version="1.0" encoding="UTF-8"?>
<!-- Generated by org.testng.reporters.JUnitReportReporter -->
<testsuite hostname="DESKTOP-VA6FACM" failures="0" tests="1" name="qa.andrea.tests.LoginTest" time="17.369" errors="0" timestamp="2025-09-01T16:28:14 ART" skipped="0">
  <testcase classname="qa.andrea.tests.LoginTest" name="canOpenHomepage" time="17.369"/>
</testsuite> <!-- qa.andrea.tests.LoginTest -->
